<?xml version="1.0" encoding="UTF-8"?>
<!-- Generated by org.testng.reporters.JUnitReportReporter -->
<testsuite skipped="0" hostname="DESKTOP-N308L1J" name="test.LoginTest" tests="1" failures="0" timestamp="20 Mar 2022 17:26:43 GMT" time="109.640" errors="0">
  <testcase name="validUserShouldBeAbleToLogin" time="109.640" classname="test.LoginTest"/>
</testsuite> <!-- test.LoginTest -->
